#
# A fatal error has been detected by the Java Runtime Environment:
#
#  EXCEPTION_ACCESS_VIOLATION (0xc0000005) at pc=0x000000006f3a5486, pid=7896, tid=0x00000000000003a0
#
# JRE version: Java(TM) SE Runtime Environment (8.0_111-b14) (build 1.8.0_111-b14)
# Java VM: Java HotSpot(TM) 64-Bit Server VM (25.111-b14 mixed mode windows-amd64 compressed oops)
# Problematic frame:
# V  [jvm.dll+0x125486]
#
# Failed to write core dump. Minidumps are not enabled by default on client versions of Windows
#
# If you would like to submit a bug report, please visit:
#   http://bugreport.java.com/bugreport/crash.jsp
#

---------------  T H R E A D  ---------------

Current thread (0x000000005636b000):  VMThread [stack: 0x0000000057250000,0x0000000057350000] [id=928]

siginfo: ExceptionCode=0xc0000005, reading address 0x0000000000000069

Registers:
RAX=0x000000006f8d3428, RBX=0x0000000000000018, RCX=0x0000000000000001, RDX=0x000000006fa52b70
RSP=0x000000005734ebb8, RBP=0x000000006fa52b70, RSI=0x00000000584f49d0, RDI=0x0000000000000001
R8 =0x000000006fa52b70, R9 =0x00000000638f9ab0, R10=0x00000000000001fe, R11=0x000000005734ec18
R12=0x0000000000000000, R13=0x0000000000000000, R14=0x000000006f883d40, R15=0x000000006fa52aa0
RIP=0x000000006f3a5486, EFLAGS=0x0000000000010202

Top of Stack: (sp=0x000000005734ebb8)
0x000000005734ebb8:   000000006f3af4e6 0000000067b347e8
0x000000005734ebc8:   0000000067b34558 0000000067a84138
0x000000005734ebd8:   0000000060ba5798 000000006fa52b70
0x000000005734ebe8:   000000006f3b13df 0000000067b347b8
0x000000005734ebf8:   0000000000000000 0000000067b34558
0x000000005734ec08:   00000000584f49d0 0000000000000001
0x000000005734ec18:   000000006f3875a6 0000000000000003
0x000000005734ec28:   0000000000000018 000000006fa52b70
0x000000005734ec38:   0000000016445840 0000000016445840
0x000000005734ec48:   000000006f38cc90 0000000016445840
0x000000005734ec58:   000000006fa52b70 000000005734ecf0
0x000000005734ec68:   0000000005c02b80 000000006fa52b70
0x000000005734ec78:   000000006f3a65ac 00000000164455f8
0x000000005734ec88:   0000000015ca7320 0000000000000000
0x000000005734ec98:   000000006f2e6ced 000000006f883d40
0x000000005734eca8:   00000000000001fe ffffffffffffff00 

Instructions: (pc=0x000000006f3a5486)
0x000000006f3a5466:   c0 74 14 48 8b 50 78 48 85 d2 74 07 48 89 91 80
0x000000006f3a5476:   00 00 00 48 89 48 78 f3 c3 cc 48 8b 02 4c 8b c2
0x000000006f3a5486:   48 8b 51 68 49 8b c8 48 ff 20 48 89 5c 24 08 48
0x000000006f3a5496:   89 74 24 10 57 48 83 ec 20 80 3d ea 5f 6e 00 00 


Register to memory mapping:

RAX=0x000000006f8d3428 is an unknown value
RBX=0x0000000000000018 is an unknown value
RCX=0x0000000000000001 is an unknown value
RDX=0x000000006fa52b70 is an unknown value
RSP=0x000000005734ebb8 is an unknown value
RBP=0x000000006fa52b70 is an unknown value
RSI=0x00000000584f49d0 is an unknown value
RDI=0x0000000000000001 is an unknown value
R8 =0x000000006fa52b70 is an unknown value
R9 =0x00000000638f9ab0 is an unknown value
R10=0x00000000000001fe is an unknown value
R11=0x000000005734ec18 is an unknown value
R12=0x0000000000000000 is an unknown value
R13=0x0000000000000000 is an unknown value
R14=0x000000006f883d40 is an unknown value
R15=0x000000006fa52aa0 is an unknown value


Stack: [0x0000000057250000,0x0000000057350000],  sp=0x000000005734ebb8,  free space=1018k
Native frames: (J=compiled Java code, j=interpreted, Vv=VM code, C=native code)
V  [jvm.dll+0x125486]

VM_Operation (0x0000000065d7e880): ParallelGCFailedAllocation, mode: safepoint, requested by thread 0x0000000059f29800


---------------  P R O C E S S  ---------------

Java Threads: ( => current thread )
  0x0000000059f22800 JavaThread "pool-46-thread-4" [_thread_blocked, id=8516, stack(0x0000000066070000,0x0000000066170000)]
  0x0000000059f29800 JavaThread "pool-46-thread-3" [_thread_blocked, id=6432, stack(0x0000000065c80000,0x0000000065d80000)]
  0x0000000059f27000 JavaThread "pool-46-thread-2" [_thread_blocked, id=9492, stack(0x0000000065a50000,0x0000000065b50000)]
  0x0000000059f25800 JavaThread "pool-47-thread-1" [_thread_blocked, id=9416, stack(0x00000000640f0000,0x00000000641f0000)]
  0x0000000059f28800 JavaThread "pool-46-thread-1" [_thread_blocked, id=9816, stack(0x0000000063f80000,0x0000000064080000)]
  0x0000000062e61000 JavaThread "pool-44-thread-4" [_thread_blocked, id=9388, stack(0x0000000066f30000,0x0000000067030000)]
  0x0000000062e60800 JavaThread "pool-44-thread-3" [_thread_blocked, id=9540, stack(0x0000000066750000,0x0000000066850000)]
  0x00000000597a8000 JavaThread "pool-44-thread-2" [_thread_blocked, id=9800, stack(0x0000000065e70000,0x0000000065f70000)]
  0x00000000597ad000 JavaThread "pool-45-thread-1" [_thread_blocked, id=10228, stack(0x0000000066e00000,0x0000000066f00000)]
  0x000000005b970000 JavaThread "pool-44-thread-1" [_thread_blocked, id=9912, stack(0x0000000066c50000,0x0000000066d50000)]
  0x000000005b96f800 JavaThread "pool-42-thread-4" [_thread_blocked, id=9888, stack(0x0000000066a70000,0x0000000066b70000)]
  0x000000005b96e800 JavaThread "pool-42-thread-3" [_thread_blocked, id=8240, stack(0x0000000066970000,0x0000000066a70000)]
  0x000000005b96e000 JavaThread "pool-42-thread-2" [_thread_blocked, id=9740, stack(0x0000000066870000,0x0000000066970000)]
  0x000000005b96d000 JavaThread "pool-43-thread-1" [_thread_blocked, id=10072, stack(0x0000000063df0000,0x0000000063ef0000)]
  0x000000005b96b800 JavaThread "pool-42-thread-1" [_thread_blocked, id=9864, stack(0x00000000665d0000,0x00000000666d0000)]
  0x000000005b96c800 JavaThread "pool-40-thread-4" [_thread_blocked, id=9972, stack(0x0000000066470000,0x0000000066570000)]
  0x000000005b969800 JavaThread "pool-40-thread-3" [_thread_blocked, id=9760, stack(0x0000000066370000,0x0000000066470000)]
  0x000000005b96b000 JavaThread "pool-40-thread-2" [_thread_blocked, id=10204, stack(0x0000000066190000,0x0000000066290000)]
  0x0000000059f28000 JavaThread "pool-41-thread-1" [_thread_blocked, id=9256, stack(0x0000000065f70000,0x0000000066070000)]
  0x0000000059f25000 JavaThread "pool-40-thread-1" [_thread_blocked, id=8456, stack(0x0000000062720000,0x0000000062820000)]
  0x00000000597ac800 JavaThread "pool-9-thread-2" [_thread_blocked, id=8196, stack(0x0000000065890000,0x0000000065990000)]
  0x00000000597aa000 JavaThread "pool-9-thread-3" [_thread_blocked, id=8788, stack(0x0000000065620000,0x0000000065720000)]
  0x0000000059532000 JavaThread "pool-9-thread-4" [_thread_blocked, id=8920, stack(0x0000000065780000,0x0000000065880000)]
  0x0000000059533000 JavaThread "pool-9-thread-1" [_thread_blocked, id=8828, stack(0x0000000065520000,0x0000000065620000)]
  0x0000000059530000 JavaThread "pool-7-thread-4" [_thread_blocked, id=8028, stack(0x000000005aed0000,0x000000005afd0000)]
  0x000000005952e800 JavaThread "pool-7-thread-3" [_thread_blocked, id=3112, stack(0x000000005a940000,0x000000005aa40000)]
  0x000000005952f000 JavaThread "pool-7-thread-2" [_thread_blocked, id=1128, stack(0x000000005dba0000,0x000000005dca0000)]
  0x000000005952d800 JavaThread "pool-7-thread-1" [_thread_blocked, id=1200, stack(0x000000005c730000,0x000000005c830000)]
  0x000000005952a800 JavaThread "Stdin handler" [_thread_blocked, id=7424, stack(0x000000005d880000,0x000000005d980000)]
  0x000000005952b800 JavaThread "Asynchronous log dispatcher for org.gradle.launcher.daemon.server.DefaultDaemonConnection@35801e47" [_thread_blocked, id=8180, stack(0x000000005a6b0000,0x000000005a7b0000)]
  0x0000000059528800 JavaThread "Daemon worker Thread 2" [_thread_blocked, id=7976, stack(0x000000005ad80000,0x000000005ae80000)]
  0x0000000059527800 JavaThread "Cancel handler" [_thread_blocked, id=4824, stack(0x000000005a820000,0x000000005a920000)]
  0x0000000059527000 JavaThread "Handler for socket connection from /127.0.0.1:61583 to /127.0.0.1:62424" [_thread_in_native, id=3956, stack(0x000000005a5b0000,0x000000005a6b0000)]
  0x0000000059524800 JavaThread "Daemon Thread 2" [_thread_blocked, id=3060, stack(0x000000005a4a0000,0x000000005a5a0000)]
  0x0000000059524000 JavaThread "File lock request listener" [_thread_in_native, id=4312, stack(0x000000005c400000,0x000000005c500000)]
  0x0000000059310800 JavaThread "Incoming local TCP Connector on port 61583" [_thread_in_native, id=2132, stack(0x000000005a1a0000,0x000000005a2a0000)]
  0x0000000059234000 JavaThread "pool-1-thread-1" [_thread_blocked, id=7724, stack(0x000000005a060000,0x000000005a160000)]
  0x00000000563df000 JavaThread "Service Thread" daemon [_thread_blocked, id=3004, stack(0x00000000581b0000,0x00000000582b0000)]
  0x00000000577ea800 JavaThread "C1 CompilerThread2" daemon [_thread_blocked, id=2932, stack(0x0000000058070000,0x0000000058170000)]
  0x00000000577e9000 JavaThread "C2 CompilerThread1" daemon [_thread_blocked, id=2804, stack(0x00000000575a0000,0x00000000576a0000)]
  0x00000000577d3800 JavaThread "C2 CompilerThread0" daemon [_thread_blocked, id=6436, stack(0x0000000057f20000,0x0000000058020000)]
  0x00000000577d0800 JavaThread "Attach Listener" daemon [_thread_blocked, id=7952, stack(0x0000000057de0000,0x0000000057ee0000)]
  0x00000000563d3800 JavaThread "Signal Dispatcher" daemon [_thread_blocked, id=3300, stack(0x0000000057c30000,0x0000000057d30000)]
  0x00000000563b9800 JavaThread "Finalizer" daemon [_thread_blocked, id=4920, stack(0x00000000576d0000,0x00000000577d0000)]
  0x0000000056372800 JavaThread "Reference Handler" daemon [_thread_blocked, id=7296, stack(0x0000000057410000,0x0000000057510000)]
  0x0000000001c4e800 JavaThread "main" [_thread_blocked, id=7956, stack(0x0000000002270000,0x0000000002370000)]

Other Threads:
=>0x000000005636b000 VMThread [stack: 0x0000000057250000,0x0000000057350000] [id=928]
  0x0000000057837000 WatcherThread [stack: 0x00000000582e0000,0x00000000583e0000] [id=5652]

VM state:at safepoint (normal execution)

VM Mutex/Monitor currently owned by a thread:  ([mutex/lock_event])
[0x0000000001c4c2b0] Threads_lock - owner thread: 0x000000005636b000
[0x0000000001c4c7b0] Heap_lock - owner thread: 0x0000000059f29800

Heap:
 PSYoungGen      total 429056K, used 29217K [0x00000000e0000000, 0x0000000100000000, 0x0000000100000000)
  eden space 374784K, 0% used [0x00000000e0000000,0x00000000e0000000,0x00000000f6e00000)
  from space 54272K, 53% used [0x00000000f6e00000,0x00000000f8a88570,0x00000000fa300000)
  to   space 53760K, 0% used [0x00000000fcb80000,0x00000000fcb80000,0x0000000100000000)
 ParOldGen       total 186368K, used 162277K [0x00000000a0000000, 0x00000000ab600000, 0x00000000e0000000)
  object space 186368K, 87% used [0x00000000a0000000,0x00000000a9e79590,0x00000000ab600000)
 Metaspace       used 81023K, capacity 83560K, committed 83968K, reserved 1122304K
  class space    used 10061K, capacity 10675K, committed 10752K, reserved 1048576K

Card table byte_map: [0x0000000011a00000,0x0000000011d10000] byte_map_base: 0x0000000011500000

Marking Bits: (ParMarkBitMap*) 0x000000006fa9a6c0
 Begin Bits: [0x00000000126e0000, 0x0000000013ee0000)
 End Bits:   [0x0000000013ee0000, 0x00000000156e0000)

Polling page: 0x0000000000430000

CodeCache: size=245760Kb used=54767Kb max_used=54767Kb free=190992Kb
 bounds [0x0000000002640000, 0x0000000005c10000, 0x0000000011640000]
 total_blobs=15555 nmethods=14759 adapters=706
 compilation: enabled

Compilation events (10 events):
Event: 491.179 Thread 0x00000000577ea800 18607       1       java.util.concurrent.ThreadPoolExecutor::runStateOf (5 bytes)
Event: 491.179 Thread 0x00000000577ea800 nmethod 18607 0x00000000043054d0 code [0x0000000004305620, 0x0000000004305710]
Event: 491.193 Thread 0x00000000577ea800 18608       3       com.android.dx.dex.file.MixedItemSection::writeTo0 (155 bytes)
Event: 491.195 Thread 0x00000000577ea800 nmethod 18608 0x0000000005bf04d0 code [0x0000000005bf0720, 0x0000000005bf16f8]
Event: 491.195 Thread 0x00000000577ea800 18609       2       com.android.dex.TableOfContents::getSection (68 bytes)
Event: 491.195 Thread 0x00000000577ea800 nmethod 18609 0x0000000005bdf090 code [0x0000000005bdf240, 0x0000000005bdf698]
Event: 491.205 Thread 0x00000000577ea800 18610   !   3       java.util.concurrent.ConcurrentHashMap$TreeBin::putTreeVal (371 bytes)
Event: 491.207 Thread 0x00000000577ea800 nmethod 18610 0x0000000005c00790 code [0x0000000005c00a20, 0x0000000005c01f58]
Event: 491.229 Thread 0x00000000577ea800 18611       3       com.android.dx.ssa.back.SsaToRop::convertBasicBlocks (151 bytes)
Event: 491.232 Thread 0x00000000577ea800 nmethod 18611 0x0000000005c02890 code [0x0000000005c02b80, 0x0000000005c04678]

GC Heap History (10 events):
Event: 486.590 GC heap after
Heap after GC invocations=37 (full 5):
 PSYoungGen      total 369152K, used 23425K [0x00000000e0000000, 0x00000000f9780000, 0x0000000100000000)
  eden space 322560K, 0% used [0x00000000e0000000,0x00000000e0000000,0x00000000f3b00000)
  from space 46592K, 50% used [0x00000000f6780000,0x00000000f7e60708,0x00000000f9500000)
  to   space 45568K, 0% used [0x00000000f3b00000,0x00000000f3b00000,0x00000000f6780000)
 ParOldGen       total 127488K, used 108814K [0x00000000a0000000, 0x00000000a7c80000, 0x00000000e0000000)
  object space 127488K, 85% used [0x00000000a0000000,0x00000000a6a43af8,0x00000000a7c80000)
 Metaspace       used 80913K, capacity 83462K, committed 83712K, reserved 1122304K
  class space    used 10064K, capacity 10682K, committed 10752K, reserved 1048576K
}
Event: 486.590 GC heap before
{Heap before GC invocations=38 (full 6):
 PSYoungGen      total 369152K, used 23425K [0x00000000e0000000, 0x00000000f9780000, 0x0000000100000000)
  eden space 322560K, 0% used [0x00000000e0000000,0x00000000e0000000,0x00000000f3b00000)
  from space 46592K, 50% used [0x00000000f6780000,0x00000000f7e60708,0x00000000f9500000)
  to   space 45568K, 0% used [0x00000000f3b00000,0x00000000f3b00000,0x00000000f6780000)
 ParOldGen       total 127488K, used 108814K [0x00000000a0000000, 0x00000000a7c80000, 0x00000000e0000000)
  object space 127488K, 85% used [0x00000000a0000000,0x00000000a6a43af8,0x00000000a7c80000)
 Metaspace       used 80913K, capacity 83462K, committed 83712K, reserved 1122304K
  class space    used 10064K, capacity 10682K, committed 10752K, reserved 1048576K
Event: 487.106 GC heap after
Heap after GC invocations=38 (full 6):
 PSYoungGen      total 369152K, used 0K [0x00000000e0000000, 0x00000000f9780000, 0x0000000100000000)
  eden space 322560K, 0% used [0x00000000e0000000,0x00000000e0000000,0x00000000f3b00000)
  from space 46592K, 0% used [0x00000000f6780000,0x00000000f6780000,0x00000000f9500000)
  to   space 45568K, 0% used [0x00000000f3b00000,0x00000000f3b00000,0x00000000f6780000)
 ParOldGen       total 186368K, used 112722K [0x00000000a0000000, 0x00000000ab600000, 0x00000000e0000000)
  object space 186368K, 60% used [0x00000000a0000000,0x00000000a6e148d8,0x00000000ab600000)
 Metaspace       used 80902K, capacity 83432K, committed 83712K, reserved 1122304K
  class space    used 10060K, capacity 10675K, committed 10752K, reserved 1048576K
}
Event: 488.247 GC heap before
{Heap before GC invocations=39 (full 6):
 PSYoungGen      total 369152K, used 322560K [0x00000000e0000000, 0x00000000f9780000, 0x0000000100000000)
  eden space 322560K, 100% used [0x00000000e0000000,0x00000000f3b00000,0x00000000f3b00000)
  from space 46592K, 0% used [0x00000000f6780000,0x00000000f6780000,0x00000000f9500000)
  to   space 45568K, 0% used [0x00000000f3b00000,0x00000000f3b00000,0x00000000f6780000)
 ParOldGen       total 186368K, used 112722K [0x00000000a0000000, 0x00000000ab600000, 0x00000000e0000000)
  object space 186368K, 60% used [0x00000000a0000000,0x00000000a6e148d8,0x00000000ab600000)
 Metaspace       used 80957K, capacity 83496K, committed 83968K, reserved 1122304K
  class space    used 10061K, capacity 10675K, committed 10752K, reserved 1048576K
Event: 488.319 GC heap after
Heap after GC invocations=39 (full 6):
 PSYoungGen      total 368128K, used 39065K [0x00000000e0000000, 0x00000000fd400000, 0x0000000100000000)
  eden space 322560K, 0% used [0x00000000e0000000,0x00000000e0000000,0x00000000f3b00000)
  from space 45568K, 85% used [0x00000000f3b00000,0x00000000f6126738,0x00000000f6780000)
  to   space 50176K, 0% used [0x00000000fa300000,0x00000000fa300000,0x00000000fd400000)
 ParOldGen       total 186368K, used 112722K [0x00000000a0000000, 0x00000000ab600000, 0x00000000e0000000)
  object space 186368K, 60% used [0x00000000a0000000,0x00000000a6e148d8,0x00000000ab600000)
 Metaspace       used 80957K, capacity 83496K, committed 83968K, reserved 1122304K
  class space    used 10061K, capacity 10675K, committed 10752K, reserved 1048576K
}
Event: 489.270 GC heap before
{Heap before GC invocations=40 (full 6):
 PSYoungGen      total 368128K, used 361625K [0x00000000e0000000, 0x00000000fd400000, 0x0000000100000000)
  eden space 322560K, 100% used [0x00000000e0000000,0x00000000f3b00000,0x00000000f3b00000)
  from space 45568K, 85% used [0x00000000f3b00000,0x00000000f6126738,0x00000000f6780000)
  to   space 50176K, 0% used [0x00000000fa300000,0x00000000fa300000,0x00000000fd400000)
 ParOldGen       total 186368K, used 112722K [0x00000000a0000000, 0x00000000ab600000, 0x00000000e0000000)
  object space 186368K, 60% used [0x00000000a0000000,0x00000000a6e148d8,0x00000000ab600000)
 Metaspace       used 80985K, capacity 83496K, committed 83968K, reserved 1122304K
  class space    used 10061K, capacity 10675K, committed 10752K, reserved 1048576K
Event: 489.378 GC heap after
Heap after GC invocations=40 (full 6):
 PSYoungGen      total 424960K, used 39582K [0x00000000e0000000, 0x00000000fdd00000, 0x0000000100000000)
  eden space 374784K, 0% used [0x00000000e0000000,0x00000000e0000000,0x00000000f6e00000)
  from space 50176K, 78% used [0x00000000fa300000,0x00000000fc9a7990,0x00000000fd400000)
  to   space 54272K, 0% used [0x00000000f6e00000,0x00000000f6e00000,0x00000000fa300000)
 ParOldGen       total 186368K, used 148356K [0x00000000a0000000, 0x00000000ab600000, 0x00000000e0000000)
  object space 186368K, 79% used [0x00000000a0000000,0x00000000a90e1050,0x00000000ab600000)
 Metaspace       used 80985K, capacity 83496K, committed 83968K, reserved 1122304K
  class space    used 10061K, capacity 10675K, committed 10752K, reserved 1048576K
}
Event: 491.239 GC heap before
{Heap before GC invocations=41 (full 6):
 PSYoungGen      total 424960K, used 414366K [0x00000000e0000000, 0x00000000fdd00000, 0x0000000100000000)
  eden space 374784K, 100% used [0x00000000e0000000,0x00000000f6e00000,0x00000000f6e00000)
  from space 50176K, 78% used [0x00000000fa300000,0x00000000fc9a7990,0x00000000fd400000)
  to   space 54272K, 0% used [0x00000000f6e00000,0x00000000f6e00000,0x00000000fa300000)
 ParOldGen       total 186368K, used 148356K [0x00000000a0000000, 0x00000000ab600000, 0x00000000e0000000)
  object space 186368K, 79% used [0x00000000a0000000,0x00000000a90e1050,0x00000000ab600000)
 Metaspace       used 81023K, capacity 83560K, committed 83968K, reserved 1122304K
  class space    used 10061K, capacity 10675K, committed 10752K, reserved 1048576K
Event: 491.317 GC heap after
Heap after GC invocations=41 (full 6):
 PSYoungGen      total 429056K, used 29217K [0x00000000e0000000, 0x0000000100000000, 0x0000000100000000)
  eden space 374784K, 0% used [0x00000000e0000000,0x00000000e0000000,0x00000000f6e00000)
  from space 54272K, 53% used [0x00000000f6e00000,0x00000000f8a88570,0x00000000fa300000)
  to   space 53760K, 0% used [0x00000000fcb80000,0x00000000fcb80000,0x0000000100000000)
 ParOldGen       total 186368K, used 162277K [0x00000000a0000000, 0x00000000ab600000, 0x00000000e0000000)
  object space 186368K, 87% used [0x00000000a0000000,0x00000000a9e79590,0x00000000ab600000)
 Metaspace       used 81023K, capacity 83560K, committed 83968K, reserved 1122304K
  class space    used 10061K, capacity 10675K, committed 10752K, reserved 1048576K
}
Event: 491.317 GC heap before
{Heap before GC invocations=42 (full 7):
 PSYoungGen      total 429056K, used 29217K [0x00000000e0000000, 0x0000000100000000, 0x0000000100000000)
  eden space 374784K, 0% used [0x00000000e0000000,0x00000000e0000000,0x00000000f6e00000)
  from space 54272K, 53% used [0x00000000f6e00000,0x00000000f8a88570,0x00000000fa300000)
  to   space 53760K, 0% used [0x00000000fcb80000,0x00000000fcb80000,0x0000000100000000)
 ParOldGen       total 186368K, used 162277K [0x00000000a0000000, 0x00000000ab600000, 0x00000000e0000000)
  object space 186368K, 87% used [0x00000000a0000000,0x00000000a9e79590,0x00000000ab600000)
 Metaspace       used 81023K, capacity 83560K, committed 83968K, reserved 1122304K
  class space    used 10061K, capacity 10675K, committed 10752K, reserved 1048576K

Deoptimization events (10 events):
Event: 488.758 Thread 0x0000000059533000 Uncommon trap: reason=unstable_if action=reinterpret pc=0x00000000053db384 method=java.util.concurrent.ConcurrentHashMap.putVal(Ljava/lang/Object;Ljava/lang/Object;Z)Ljava/lang/Object; @ 113
Event: 488.758 Thread 0x0000000059533000 Uncommon trap: reason=unstable_if action=reinterpret pc=0x0000000002b151c8 method=java.util.concurrent.ConcurrentHashMap.transfer([Ljava/util/concurrent/ConcurrentHashMap$Node;[Ljava/util/concurrent/ConcurrentHashMap$Node;)V @ 34
Event: 488.759 Thread 0x0000000059533000 Uncommon trap: reason=unstable_if action=reinterpret pc=0x0000000002e96020 method=java.util.concurrent.ConcurrentHashMap.transfer([Ljava/util/concurrent/ConcurrentHashMap$Node;[Ljava/util/concurrent/ConcurrentHashMap$Node;)V @ 277
Event: 489.512 Thread 0x00000000597ac800 Uncommon trap: reason=unstable_if action=reinterpret pc=0x0000000005a5ced8 method=com.android.dx.dex.code.OutputFinisher.addConstants(Ljava/util/HashSet;Lcom/android/dx/rop/code/RegisterSpec;)V @ 57
Event: 490.124 Thread 0x00000000597ac800 Uncommon trap: reason=unstable_if action=reinterpret pc=0x0000000003cd84bc method=java.lang.Long.numberOfTrailingZeros(J)I @ 3
Event: 490.560 Thread 0x00000000597aa000 Uncommon trap: reason=unstable_if action=reinterpret pc=0x0000000005b7f4cc method=com.android.dx.dex.code.OutputFinisher.addConstants(Ljava/util/HashSet;Lcom/android/dx/rop/code/RegisterSpec;)V @ 32
Event: 490.645 Thread 0x000000005ed03000 Uncommon trap: reason=unstable_if action=reinterpret pc=0x000000000554d36c method=com.android.dx.rop.code.LocalItem.compareHandlesNulls(Lcom/android/dx/rop/cst/CstString;Lcom/android/dx/rop/cst/CstString;)I @ 14
Event: 490.646 Thread 0x000000005ed03000 Uncommon trap: reason=unstable_if action=reinterpret pc=0x00000000057266a4 method=com.android.dx.rop.code.LocalItem.compareHandlesNulls(Lcom/android/dx/rop/cst/CstString;Lcom/android/dx/rop/cst/CstString;)I @ 14
Event: 490.646 Thread 0x000000005ed03000 Uncommon trap: reason=unstable_if action=reinterpret pc=0x0000000004c2fe24 method=com.android.dx.rop.code.LocalItem.compareHandlesNulls(Lcom/android/dx/rop/cst/CstString;Lcom/android/dx/rop/cst/CstString;)I @ 14
Event: 491.225 Thread 0x0000000059f29800 Uncommon trap: reason=unstable_if action=reinterpret pc=0x0000000005b71844 method=com.android.dx.ssa.SsaMethod.blockIndexToRopLabel(I)I @ 1

Internal exceptions (10 events):
Event: 474.498 Thread 0x0000000059528800 Exception <a 'java/lang/ArrayIndexOutOfBoundsException'> (0x00000000e187eee8) thrown at [C:\re\workspace\8-2-build-windows-amd64-cygwin\jdk8u111\7883\hotspot\src\share\vm\runtime\sharedRuntime.cpp, line 605]
Event: 474.499 Thread 0x0000000059528800 Exception <a 'java/lang/ArrayIndexOutOfBoundsException'> (0x00000000e1880ff0) thrown at [C:\re\workspace\8-2-build-windows-amd64-cygwin\jdk8u111\7883\hotspot\src\share\vm\runtime\sharedRuntime.cpp, line 605]
Event: 474.499 Thread 0x0000000059528800 Exception <a 'java/lang/ArrayIndexOutOfBoundsException'> (0x00000000e1883120) thrown at [C:\re\workspace\8-2-build-windows-amd64-cygwin\jdk8u111\7883\hotspot\src\share\vm\runtime\sharedRuntime.cpp, line 605]
Event: 474.499 Thread 0x0000000059528800 Exception <a 'java/lang/ArrayIndexOutOfBoundsException'> (0x00000000e1884b50) thrown at [C:\re\workspace\8-2-build-windows-amd64-cygwin\jdk8u111\7883\hotspot\src\share\vm\runtime\sharedRuntime.cpp, line 605]
Event: 482.074 Thread 0x0000000059528800 Exception <a 'java/lang/NoSuchMethodError': <clinit>> (0x00000000ee993cb0) thrown at [C:\re\workspace\8-2-build-windows-amd64-cygwin\jdk8u111\7883\hotspot\src\share\vm\prims\jni.cpp, line 1613]
Event: 482.130 Thread 0x0000000059528800 Implicit null exception at 0x0000000003b3a7a5 to 0x0000000003b3ae3d
Event: 487.694 Thread 0x000000005ed02800 Implicit null exception at 0x00000000032e5760 to 0x00000000032e5ee1
Event: 490.645 Thread 0x000000005ed03000 Implicit null exception at 0x000000000554bc3c to 0x000000000554d2fd
Event: 490.646 Thread 0x000000005ed03000 Implicit null exception at 0x000000000572570c to 0x0000000005726671
Event: 490.646 Thread 0x000000005ed03000 Implicit null exception at 0x0000000004c2e691 to 0x0000000004c2fdd1

Events (10 events):
Event: 491.185 Thread 0x0000000059f28800 Thread exited: 0x0000000059f28800
Event: 491.210 Thread 0x0000000059f28800 Thread added: 0x0000000059f28800
Event: 491.210 Thread 0x0000000059f25800 Thread added: 0x0000000059f25800
Event: 491.211 Thread 0x0000000059f27000 Thread added: 0x0000000059f27000
Event: 491.211 Thread 0x0000000059f29800 Thread added: 0x0000000059f29800
Event: 491.213 Thread 0x0000000059f22800 Thread added: 0x0000000059f22800
Event: 491.225 Thread 0x0000000059f29800 Uncommon trap: trap_request=0xffffff65 fr.pc=0x0000000005b71844
Event: 491.225 Thread 0x0000000059f29800 DEOPT PACKING pc=0x0000000005b71844 sp=0x0000000065d7ea20
Event: 491.225 Thread 0x0000000059f29800 DEOPT UNPACKING pc=0x000000000268582a sp=0x0000000065d7e8a8 mode 2
Event: 491.239 Executing VM operation: RevokeBias


Dynamic libraries:
0x000000013f810000 - 0x000000013f847000 	C:\Program Files\Java\jdk1.8.0_111\bin\java.exe
0x0000000077350000 - 0x00000000774fa000 	C:\windows\SYSTEM32\ntdll.dll
0x0000000077130000 - 0x000000007724f000 	C:\windows\system32\kernel32.dll
0x000007fefd430000 - 0x000007fefd49a000 	C:\windows\system32\KERNELBASE.dll
0x000007fefeef0000 - 0x000007fefefcb000 	C:\windows\system32\ADVAPI32.dll
0x000007feff5c0000 - 0x000007feff65f000 	C:\windows\system32\msvcrt.dll
0x000007feff3b0000 - 0x000007feff3cf000 	C:\windows\SYSTEM32\sechost.dll
0x000007fefd940000 - 0x000007fefda6d000 	C:\windows\system32\RPCRT4.dll
0x0000000077250000 - 0x000000007734a000 	C:\windows\system32\USER32.dll
0x000007feff480000 - 0x000007feff4e7000 	C:\windows\system32\GDI32.dll
0x000007fefd560000 - 0x000007fefd56e000 	C:\windows\system32\LPK.dll
0x000007feff4f0000 - 0x000007feff5bb000 	C:\windows\system32\USP10.dll
0x000007fefbc00000 - 0x000007fefbdf4000 	C:\windows\WinSxS\amd64_microsoft.windows.common-controls_6595b64144ccf1df_6.0.7601.18837_none_fa3b1e3d17594757\COMCTL32.dll
0x000007fefefd0000 - 0x000007feff041000 	C:\windows\system32\SHLWAPI.dll
0x000007fefd7a0000 - 0x000007fefd7ce000 	C:\windows\system32\IMM32.DLL
0x000007fefed60000 - 0x000007fefee69000 	C:\windows\system32\MSCTF.dll
0x0000000058ea0000 - 0x0000000058f72000 	C:\Program Files\Java\jdk1.8.0_111\jre\bin\msvcr100.dll
0x000000006f280000 - 0x000000006fb1a000 	C:\Program Files\Java\jdk1.8.0_111\jre\bin\server\jvm.dll
0x000007fef1890000 - 0x000007fef1899000 	C:\windows\system32\WSOCK32.dll
0x000007feff2e0000 - 0x000007feff32d000 	C:\windows\system32\WS2_32.dll
0x000007feff470000 - 0x000007feff478000 	C:\windows\system32\NSI.dll
0x000007fefaa20000 - 0x000007fefaa5b000 	C:\windows\system32\WINMM.dll
0x000007fefc230000 - 0x000007fefc23c000 	C:\windows\system32\VERSION.dll
0x0000000077520000 - 0x0000000077527000 	C:\windows\system32\PSAPI.DLL
0x0000000073a40000 - 0x0000000073a4f000 	C:\Program Files\Java\jdk1.8.0_111\jre\bin\verify.dll
0x0000000073a10000 - 0x0000000073a39000 	C:\Program Files\Java\jdk1.8.0_111\jre\bin\java.dll
0x00000000739f0000 - 0x0000000073a06000 	C:\Program Files\Java\jdk1.8.0_111\jre\bin\zip.dll
0x000007fefdef0000 - 0x000007fefec7b000 	C:\windows\system32\SHELL32.dll
0x000007fefdcf0000 - 0x000007fefdeec000 	C:\windows\system32\ole32.dll
0x000007fefd1a0000 - 0x000007fefd1af000 	C:\windows\system32\profapi.dll
0x000000006f180000 - 0x000000006f19a000 	C:\Program Files\Java\jdk1.8.0_111\jre\bin\net.dll
0x000007fefc930000 - 0x000007fefc985000 	C:\windows\system32\mswsock.dll
0x000007fefc920000 - 0x000007fefc927000 	C:\windows\System32\wship6.dll
0x000000006f100000 - 0x000000006f111000 	C:\Program Files\Java\jdk1.8.0_111\jre\bin\nio.dll
0x000007fefa800000 - 0x000007fefa812000 	C:\Users\Mahendran\.gradle\native\19\windows-amd64\native-platform.dll
0x000007fefc990000 - 0x000007fefc9a8000 	C:\windows\system32\CRYPTSP.dll
0x000007fefc690000 - 0x000007fefc6d7000 	C:\windows\system32\rsaenh.dll
0x000007fefd200000 - 0x000007fefd21e000 	C:\windows\system32\USERENV.dll
0x000007fefcfa0000 - 0x000007fefcfaf000 	C:\windows\system32\CRYPTBASE.dll
0x000007fefa2f0000 - 0x000007fefa317000 	C:\windows\system32\IPHLPAPI.DLL
0x000007fefa2e0000 - 0x000007fefa2eb000 	C:\windows\system32\WINNSI.DLL
0x000007fefa200000 - 0x000007fefa218000 	C:\windows\system32\dhcpcsvc.DLL
0x000007fefa1e0000 - 0x000007fefa1f1000 	C:\windows\system32\dhcpcsvc6.DLL
0x0000000070f50000 - 0x0000000070f5d000 	C:\Program Files\Java\jdk1.8.0_111\jre\bin\management.dll
0x000007fefd050000 - 0x000007fefd0a7000 	C:\windows\system32\apphelp.dll
0x000007fefc0f0000 - 0x000007fefc215000 	C:\windows\system32\dbghelp.dll

VM Arguments:
jvm_args: -Xmx1536m -Dfile.encoding=windows-1252 -Duser.country=IN -Duser.language=en -Duser.variant 
java_command: org.gradle.launcher.daemon.bootstrap.GradleDaemon 2.14.1
java_class_path (initial): C:\Users\Mahendran\.gradle\wrapper\dists\gradle-2.14.1-all\8bnwg5hd3w55iofp58khbp6yv\gradle-2.14.1\lib\gradle-launcher-2.14.1.jar
Launcher Type: SUN_STANDARD

Environment Variables:
JAVA_HOME=C:\Program Files (x86)\Java\jdk1.8.0_111
CLASSPATH=C:\Program Files (x86)\Java\jdk1.8.0_111\lib;.;C:\Program Files (x86)\NetBeans 6.9\javafx\javafx-sdk\lib;.;C:\gradle-3.3\bin;
PATH=C:\ProgramData\Oracle\Java\javapath;C:\Program Files (x86)\Java\jdk1.8.0_111\bin;C:\Program Files (x86)\NetBeans 6.9\javafx\javafx-sdk\bin;C:\Windows\System32;c:\Program Files (x86)\Microsoft SQL Server\90\Tools\binn\;C:\gradle-3.3\bin;
USERNAME=Mahendran
OS=Windows_NT
PROCESSOR_IDENTIFIER=Intel64 Family 6 Model 42 Stepping 7, GenuineIntel



---------------  S Y S T E M  ---------------

OS: Windows 7 , 64 bit Build 7601 (6.1.7601.23807)

CPU:total 4 (2 cores per cpu, 2 threads per core) family 6 model 42 stepping 7, cmov, cx8, fxsr, mmx, sse, sse2, sse3, ssse3, sse4.1, sse4.2, popcnt, avx, aes, clmul, ht, tsc, tscinvbit

Memory: 4k page, physical 4136816k(253612k free), swap 8271772k(2959660k free)

vm_info: Java HotSpot(TM) 64-Bit Server VM (25.111-b14) for windows-amd64 JRE (1.8.0_111-b14), built on Sep 22 2016 19:24:05 by "java_re" with MS VC++ 10.0 (VS2010)

time: Sat Jul 15 18:48:22 2017
elapsed time: 494 seconds (0d 0h 8m 14s)

